<?xml version="1.0" encoding="UTF-8"?>
<testsuites name="jest tests" tests="1" failures="0" errors="0" time="1.161">
  <testsuite name="mockingoose" errors="0" failures="0" skipped="0" timestamp="2024-08-14T07:53:49" time="0.878" tests="1">
    <testcase classname="mockingoose Test Both Fields Are Set Validate Model" name="mockingoose Test Both Fields Are Set Validate Model" time="0.007">
    </testcase>
  </testsuite>
</testsuites>