<?xml version="1.0" encoding="UTF-8"?>
<testsuites name="jest tests" tests="1" failures="0" errors="0" time="1.997">
  <testsuite name="Add Note" errors="0" failures="0" skipped="0" timestamp="2024-08-07T06:37:08" time="1.605" tests="1">
    <testcase classname="Add Note Should add a new note and redirect to login" name="Add Note Should add a new note and redirect to login" time="0.136">
    </testcase>
  </testsuite>
</testsuites>